<?xml version="1.0" encoding="UTF-8"?>
<testsuite name="BagMainTest" tests="3" skipped="0" failures="0" errors="0" timestamp="2023-05-18T21:29:39" hostname="Alecs-MacBook-Air.local" time="0.006">
  <properties/>
  <testcase name="TestEnhanceBagsTrue" classname="BagMainTest" time="0.005"/>
  <testcase name="TestCountCrossbodyStraps" classname="BagMainTest" time="0.0"/>
  <testcase name="TestEnhanceBagsFalse" classname="BagMainTest" time="0.0"/>
  <system-out><![CDATA[]]></system-out>
  <system-err><![CDATA[]]></system-err>
</testsuite>
